# JRE version: OpenJDK Runtime Environment Temurin-21.0.10+7 (21.0.10+7) (build 21.0.10+7-LTS)
# Java VM: OpenJDK 64-Bit Server VM Temurin-21.0.10+7 (21.0.10+7-LTS, mixed mode, sharing, tiered, compressed oops, compressed class ptrs, parallel gc, windows-amd64)
GC Precious Log:
 CardTable entry size: 512
 CPUs: 12 total, 12 available
 Memory: 16106M
 Large Page Support: Disabled
 NUMA Support: Disabled
 Compressed Oops: Enabled (32-bit)
 Alignments: Space 512K, Generation 512K, Heap 2M
 Heap Min Capacity: 100M
 Heap Initial Capacity: 100M
 Heap Max Capacity: 2G
 Pre-touch: Disabled
 Parallel Workers: 10
Heap:
 PSYoungGen      total 3072K, used 1152K [0x00000000d5580000, 0x00000000d5980000, 0x0000000100000000)
  eden space 2048K, 32% used [0x00000000d5580000,0x00000000d56280e8,0x00000000d5780000)
  from space 1024K, 46% used [0x00000000d5780000,0x00000000d57f8020,0x00000000d5880000)
  to   space 1024K, 0% used [0x00000000d5880000,0x00000000d5880000,0x00000000d5980000)
 ParOldGen       total 409088K, used 379556K [0x0000000080000000, 0x0000000098f80000, 0x00000000d5580000)
  object space 409088K, 92% used [0x0000000080000000,0x00000000972a9248,0x0000000098f80000)
 Metaspace       used 64702K, committed 66240K, reserved 1114112K
  class space    used 6883K, committed 7552K, reserved 1048576K
GC Heap History (20 events):
Event: 231.432 GC heap before
{Heap before GC invocations=255 (full 3):
 PSYoungGen      total 2560K, used 2368K [0x00000000d5580000, 0x00000000d5900000, 0x0000000100000000)
  eden space 2048K, 100% used [0x00000000d5580000,0x00000000d5780000,0x00000000d5780000)
  from space 512K, 62% used [0x00000000d5800000,0x00000000d5850000,0x00000000d5880000)
  to   space 512K, 0% used [0x00000000d5880000,0x00000000d5880000,0x00000000d5900000)
 ParOldGen       total 409088K, used 377988K [0x0000000080000000, 0x0000000098f80000, 0x00000000d5580000)
  object space 409088K, 92% used [0x0000000080000000,0x00000000971211a0,0x0000000098f80000)
 Metaspace       used 64174K, committed 65728K, reserved 1114112K
  class space    used 6821K, committed 7488K, reserved 1048576K
}
Event: 231.433 GC heap after
{Heap after GC invocations=255 (full 3):
 PSYoungGen      total 2560K, used 384K [0x00000000d5580000, 0x00000000d5900000, 0x0000000100000000)
  eden space 2048K, 0% used [0x00000000d5580000,0x00000000d5580000,0x00000000d5780000)
  from space 512K, 75% used [0x00000000d5880000,0x00000000d58e0000,0x00000000d5900000)
  to   space 512K, 0% used [0x00000000d5800000,0x00000000d5800000,0x00000000d5880000)
 ParOldGen       total 409088K, used 378068K [0x0000000080000000, 0x0000000098f80000, 0x00000000d5580000)
  object space 409088K, 92% used [0x0000000080000000,0x00000000971351a0,0x0000000098f80000)
 Metaspace       used 64174K, committed 65728K, reserved 1114112K
  class space    used 6821K, committed 7488K, reserved 1048576K
}
Event: 231.447 GC heap before
{Heap before GC invocations=256 (full 3):
 PSYoungGen      total 2560K, used 2432K [0x00000000d5580000, 0x00000000d5900000, 0x0000000100000000)
  eden space 2048K, 100% used [0x00000000d5580000,0x00000000d5780000,0x00000000d5780000)
  from space 512K, 75% used [0x00000000d5880000,0x00000000d58e0000,0x00000000d5900000)
  to   space 512K, 0% used [0x00000000d5800000,0x00000000d5800000,0x00000000d5880000)
 ParOldGen       total 409088K, used 378068K [0x0000000080000000, 0x0000000098f80000, 0x00000000d5580000)
  object space 409088K, 92% used [0x0000000080000000,0x00000000971351a0,0x0000000098f80000)
 Metaspace       used 64331K, committed 65856K, reserved 1114112K
  class space    used 6852K, committed 7488K, reserved 1048576K
}
Event: 231.447 GC heap after
{Heap after GC invocations=256 (full 3):
 PSYoungGen      total 2560K, used 512K [0x00000000d5580000, 0x00000000d5980000, 0x0000000100000000)
  eden space 2048K, 0% used [0x00000000d5580000,0x00000000d5580000,0x00000000d5780000)
  from space 512K, 100% used [0x00000000d5800000,0x00000000d5880000,0x00000000d5880000)
  to   space 1024K, 0% used [0x00000000d5880000,0x00000000d5880000,0x00000000d5980000)
 ParOldGen       total 409088K, used 378234K [0x0000000080000000, 0x0000000098f80000, 0x00000000d5580000)
  object space 409088K, 92% used [0x0000000080000000,0x000000009715ebe0,0x0000000098f80000)
 Metaspace       used 64331K, committed 65856K, reserved 1114112K
  class space    used 6852K, committed 7488K, reserved 1048576K
}
Event: 378.604 GC heap before
{Heap before GC invocations=257 (full 3):
 PSYoungGen      total 2560K, used 2557K [0x00000000d5580000, 0x00000000d5980000, 0x0000000100000000)
  eden space 2048K, 99% used [0x00000000d5580000,0x00000000d577f680,0x00000000d5780000)
  from space 512K, 100% used [0x00000000d5800000,0x00000000d5880000,0x00000000d5880000)
  to   space 1024K, 0% used [0x00000000d5880000,0x00000000d5880000,0x00000000d5980000)
 ParOldGen       total 409088K, used 378234K [0x0000000080000000, 0x0000000098f80000, 0x00000000d5580000)
  object space 409088K, 92% used [0x0000000080000000,0x000000009715ebe0,0x0000000098f80000)
 Metaspace       used 64380K, committed 65856K, reserved 1114112K
  class space    used 6859K, committed 7488K, reserved 1048576K
}
Event: 378.605 GC heap after
{Heap after GC invocations=257 (full 3):
 PSYoungGen      total 2560K, used 416K [0x00000000d5580000, 0x00000000d5900000, 0x0000000100000000)
  eden space 2048K, 0% used [0x00000000d5580000,0x00000000d5580000,0x00000000d5780000)
  from space 512K, 81% used [0x00000000d5880000,0x00000000d58e8000,0x00000000d5900000)
  to   space 512K, 0% used [0x00000000d5800000,0x00000000d5800000,0x00000000d5880000)
 ParOldGen       total 409088K, used 378578K [0x0000000080000000, 0x0000000098f80000, 0x00000000d5580000)
  object space 409088K, 92% used [0x0000000080000000,0x00000000971b4bf0,0x0000000098f80000)
 Metaspace       used 64380K, committed 65856K, reserved 1114112K
  class space    used 6859K, committed 7488K, reserved 1048576K
}
Event: 409.668 GC heap before
{Heap before GC invocations=258 (full 3):
 PSYoungGen      total 2560K, used 2464K [0x00000000d5580000, 0x00000000d5900000, 0x0000000100000000)
  eden space 2048K, 100% used [0x00000000d5580000,0x00000000d5780000,0x00000000d5780000)
  from space 512K, 81% used [0x00000000d5880000,0x00000000d58e8000,0x00000000d5900000)
  to   space 512K, 0% used [0x00000000d5800000,0x00000000d5800000,0x00000000d5880000)
 ParOldGen       total 409088K, used 378578K [0x0000000080000000, 0x0000000098f80000, 0x00000000d5580000)
  object space 409088K, 92% used [0x0000000080000000,0x00000000971b4bf0,0x0000000098f80000)
 Metaspace       used 64419K, committed 65856K, reserved 1114112K
  class space    used 6859K, committed 7488K, reserved 1048576K
}
Event: 409.668 GC heap after
{Heap after GC invocations=258 (full 3):
 PSYoungGen      total 2560K, used 256K [0x00000000d5580000, 0x00000000d5900000, 0x0000000100000000)
  eden space 2048K, 0% used [0x00000000d5580000,0x00000000d5580000,0x00000000d5780000)
  from space 512K, 50% used [0x00000000d5800000,0x00000000d5840000,0x00000000d5880000)
  to   space 512K, 0% used [0x00000000d5880000,0x00000000d5880000,0x00000000d5900000)
 ParOldGen       total 409088K, used 378866K [0x0000000080000000, 0x0000000098f80000, 0x00000000d5580000)
  object space 409088K, 92% used [0x0000000080000000,0x00000000971fcbf0,0x0000000098f80000)
 Metaspace       used 64419K, committed 65856K, reserved 1114112K
  class space    used 6859K, committed 7488K, reserved 1048576K
}
Event: 743.399 GC heap before
{Heap before GC invocations=259 (full 3):
 PSYoungGen      total 2560K, used 2304K [0x00000000d5580000, 0x00000000d5900000, 0x0000000100000000)
  eden space 2048K, 100% used [0x00000000d5580000,0x00000000d5780000,0x00000000d5780000)
  from space 512K, 50% used [0x00000000d5800000,0x00000000d5840000,0x00000000d5880000)
  to   space 512K, 0% used [0x00000000d5880000,0x00000000d5880000,0x00000000d5900000)
 ParOldGen       total 409088K, used 378866K [0x0000000080000000, 0x0000000098f80000, 0x00000000d5580000)
  object space 409088K, 92% used [0x0000000080000000,0x00000000971fcbf0,0x0000000098f80000)
 Metaspace       used 64428K, committed 65920K, reserved 1114112K
  class space    used 6859K, committed 7488K, reserved 1048576K
}
Event: 743.400 GC heap after
{Heap after GC invocations=259 (full 3):
 PSYoungGen      total 2560K, used 288K [0x00000000d5580000, 0x00000000d5900000, 0x0000000100000000)
  eden space 2048K, 0% used [0x00000000d5580000,0x00000000d5580000,0x00000000d5780000)
  from space 512K, 56% used [0x00000000d5880000,0x00000000d58c8000,0x00000000d5900000)
  to   space 512K, 0% used [0x00000000d5800000,0x00000000d5800000,0x00000000d5880000)
 ParOldGen       total 409088K, used 378890K [0x0000000080000000, 0x0000000098f80000, 0x00000000d5580000)
  object space 409088K, 92% used [0x0000000080000000,0x0000000097202bf0,0x0000000098f80000)
 Metaspace       used 64428K, committed 65920K, reserved 1114112K
  class space    used 6859K, committed 7488K, reserved 1048576K
}
Event: 923.454 GC heap before
{Heap before GC invocations=260 (full 3):
 PSYoungGen      total 2560K, used 2336K [0x00000000d5580000, 0x00000000d5900000, 0x0000000100000000)
  eden space 2048K, 100% used [0x00000000d5580000,0x00000000d5780000,0x00000000d5780000)
  from space 512K, 56% used [0x00000000d5880000,0x00000000d58c8000,0x00000000d5900000)
  to   space 512K, 0% used [0x00000000d5800000,0x00000000d5800000,0x00000000d5880000)
 ParOldGen       total 409088K, used 378890K [0x0000000080000000, 0x0000000098f80000, 0x00000000d5580000)
  object space 409088K, 92% used [0x0000000080000000,0x0000000097202bf0,0x0000000098f80000)
 Metaspace       used 64433K, committed 65920K, reserved 1114112K
  class space    used 6859K, committed 7488K, reserved 1048576K
}
Event: 923.455 GC heap after
{Heap after GC invocations=260 (full 3):
 PSYoungGen      total 2560K, used 224K [0x00000000d5580000, 0x00000000d5900000, 0x0000000100000000)
  eden space 2048K, 0% used [0x00000000d5580000,0x00000000d5580000,0x00000000d5780000)
  from space 512K, 43% used [0x00000000d5800000,0x00000000d5838000,0x00000000d5880000)
  to   space 512K, 0% used [0x00000000d5880000,0x00000000d5880000,0x00000000d5900000)
 ParOldGen       total 409088K, used 378898K [0x0000000080000000, 0x0000000098f80000, 0x00000000d5580000)
  object space 409088K, 92% used [0x0000000080000000,0x0000000097204bf0,0x0000000098f80000)
 Metaspace       used 64433K, committed 65920K, reserved 1114112K
  class space    used 6859K, committed 7488K, reserved 1048576K
}
Event: 1143.591 GC heap before
{Heap before GC invocations=261 (full 3):
 PSYoungGen      total 2560K, used 2272K [0x00000000d5580000, 0x00000000d5900000, 0x0000000100000000)
  eden space 2048K, 100% used [0x00000000d5580000,0x00000000d5780000,0x00000000d5780000)
  from space 512K, 43% used [0x00000000d5800000,0x00000000d5838000,0x00000000d5880000)
  to   space 512K, 0% used [0x00000000d5880000,0x00000000d5880000,0x00000000d5900000)
 ParOldGen       total 409088K, used 378898K [0x0000000080000000, 0x0000000098f80000, 0x00000000d5580000)
  object space 409088K, 92% used [0x0000000080000000,0x0000000097204bf0,0x0000000098f80000)
 Metaspace       used 64450K, committed 65920K, reserved 1114112K
  class space    used 6859K, committed 7488K, reserved 1048576K
}
Event: 1143.592 GC heap after
{Heap after GC invocations=261 (full 3):
 PSYoungGen      total 2560K, used 256K [0x00000000d5580000, 0x00000000d5900000, 0x0000000100000000)
  eden space 2048K, 0% used [0x00000000d5580000,0x00000000d5580000,0x00000000d5780000)
  from space 512K, 50% used [0x00000000d5880000,0x00000000d58c0000,0x00000000d5900000)
  to   space 512K, 0% used [0x00000000d5800000,0x00000000d5800000,0x00000000d5880000)
 ParOldGen       total 409088K, used 378906K [0x0000000080000000, 0x0000000098f80000, 0x00000000d5580000)
  object space 409088K, 92% used [0x0000000080000000,0x0000000097206bf0,0x0000000098f80000)
 Metaspace       used 64450K, committed 65920K, reserved 1114112K
  class space    used 6859K, committed 7488K, reserved 1048576K
}
Event: 1797.634 GC heap before
{Heap before GC invocations=262 (full 3):
 PSYoungGen      total 2560K, used 2303K [0x00000000d5580000, 0x00000000d5900000, 0x0000000100000000)
  eden space 2048K, 99% used [0x00000000d5580000,0x00000000d577fff0,0x00000000d5780000)
  from space 512K, 50% used [0x00000000d5880000,0x00000000d58c0000,0x00000000d5900000)
  to   space 512K, 0% used [0x00000000d5800000,0x00000000d5800000,0x00000000d5880000)
 ParOldGen       total 409088K, used 378906K [0x0000000080000000, 0x0000000098f80000, 0x00000000d5580000)
  object space 409088K, 92% used [0x0000000080000000,0x0000000097206bf0,0x0000000098f80000)
 Metaspace       used 64472K, committed 65920K, reserved 1114112K
  class space    used 6859K, committed 7488K, reserved 1048576K
}
Event: 1797.635 GC heap after
{Heap after GC invocations=262 (full 3):
 PSYoungGen      total 2560K, used 352K [0x00000000d5580000, 0x00000000d5900000, 0x0000000100000000)
  eden space 2048K, 0% used [0x00000000d5580000,0x00000000d5580000,0x00000000d5780000)
  from space 512K, 68% used [0x00000000d5800000,0x00000000d5858000,0x00000000d5880000)
  to   space 512K, 0% used [0x00000000d5880000,0x00000000d5880000,0x00000000d5900000)
 ParOldGen       total 409088K, used 378930K [0x0000000080000000, 0x0000000098f80000, 0x00000000d5580000)
  object space 409088K, 92% used [0x0000000080000000,0x000000009720cbf0,0x0000000098f80000)
 Metaspace       used 64472K, committed 65920K, reserved 1114112K
  class space    used 6859K, committed 7488K, reserved 1048576K
}
Event: 1797.665 GC heap before
{Heap before GC invocations=263 (full 3):
 PSYoungGen      total 2560K, used 2400K [0x00000000d5580000, 0x00000000d5900000, 0x0000000100000000)
  eden space 2048K, 100% used [0x00000000d5580000,0x00000000d5780000,0x00000000d5780000)
  from space 512K, 68% used [0x00000000d5800000,0x00000000d5858000,0x00000000d5880000)
  to   space 512K, 0% used [0x00000000d5880000,0x00000000d5880000,0x00000000d5900000)
 ParOldGen       total 409088K, used 378930K [0x0000000080000000, 0x0000000098f80000, 0x00000000d5580000)
  object space 409088K, 92% used [0x0000000080000000,0x000000009720cbf0,0x0000000098f80000)
 Metaspace       used 64575K, committed 66048K, reserved 1114112K
  class space    used 6870K, committed 7488K, reserved 1048576K
}
Event: 1797.666 GC heap after
{Heap after GC invocations=263 (full 3):
 PSYoungGen      total 2560K, used 512K [0x00000000d5580000, 0x00000000d5980000, 0x0000000100000000)
  eden space 2048K, 0% used [0x00000000d5580000,0x00000000d5580000,0x00000000d5780000)
  from space 512K, 100% used [0x00000000d5880000,0x00000000d5900000,0x00000000d5900000)
  to   space 1024K, 0% used [0x00000000d5780000,0x00000000d5780000,0x00000000d5880000)
 ParOldGen       total 409088K, used 379088K [0x0000000080000000, 0x0000000098f80000, 0x00000000d5580000)
  object space 409088K, 92% used [0x0000000080000000,0x0000000097234080,0x0000000098f80000)
 Metaspace       used 64575K, committed 66048K, reserved 1114112K
  class space    used 6870K, committed 7488K, reserved 1048576K
}
Event: 1797.678 GC heap before
{Heap before GC invocations=264 (full 3):
 PSYoungGen      total 2560K, used 2560K [0x00000000d5580000, 0x00000000d5980000, 0x0000000100000000)
  eden space 2048K, 100% used [0x00000000d5580000,0x00000000d5780000,0x00000000d5780000)
  from space 512K, 100% used [0x00000000d5880000,0x00000000d5900000,0x00000000d5900000)
  to   space 1024K, 0% used [0x00000000d5780000,0x00000000d5780000,0x00000000d5880000)
 ParOldGen       total 409088K, used 379088K [0x0000000080000000, 0x0000000098f80000, 0x00000000d5580000)
  object space 409088K, 92% used [0x0000000080000000,0x0000000097234080,0x0000000098f80000)
 Metaspace       used 64683K, committed 66176K, reserved 1114112K
  class space    used 6880K, committed 7488K, reserved 1048576K
}
Event: 1797.680 GC heap after
{Heap after GC invocations=264 (full 3):
 PSYoungGen      total 3072K, used 480K [0x00000000d5580000, 0x00000000d5980000, 0x0000000100000000)
  eden space 2048K, 0% used [0x00000000d5580000,0x00000000d5580000,0x00000000d5780000)
  from space 1024K, 46% used [0x00000000d5780000,0x00000000d57f8020,0x00000000d5880000)
  to   space 1024K, 0% used [0x00000000d5880000,0x00000000d5880000,0x00000000d5980000)
 ParOldGen       total 409088K, used 379556K [0x0000000080000000, 0x0000000098f80000, 0x00000000d5580000)
  object space 409088K, 92% used [0x0000000080000000,0x00000000972a9248,0x0000000098f80000)
 Metaspace       used 64683K, committed 66176K, reserved 1114112K
  class space    used 6880K, committed 7488K, reserved 1048576K
}

